TN:
SF:src\configSqlite.js
FN:5,openDb
FNF:1
FNH:1
FNDA:3,openDb
DA:1,1
DA:2,1
DA:3,1
DA:4,1
DA:5,1
DA:6,3
DA:7,3
DA:8,3
DA:9,3
DA:10,3
LF:10
LH:10
BRDA:1,0,0,1
BRDA:5,1,0,3
BRF:2
BRH:2
end_of_record
TN:
SF:src\Controller\task.js
FN:3,createTableTasks
FN:10,createTask
FN:20,getTasks
FN:31,deleteTask
FNF:4
FNH:2
FNDA:0,createTableTasks
FNDA:1,createTask
FNDA:2,getTasks
FNDA:0,deleteTask
DA:1,1
DA:2,1
DA:3,1
DA:4,0
DA:5,0
DA:6,0
DA:7,0
DA:8,0
DA:9,1
DA:10,1
DA:11,1
DA:12,1
DA:13,1
DA:14,1
DA:15,1
DA:16,1
DA:17,1
DA:18,1
DA:19,1
DA:20,1
DA:21,2
DA:22,2
DA:23,2
DA:24,2
DA:25,2
DA:26,2
DA:27,2
DA:28,2
DA:29,2
DA:30,1
DA:31,1
DA:32,0
DA:33,0
DA:34,0
DA:35,0
DA:36,0
DA:37,0
DA:38,0
DA:39,0
DA:40,0
DA:41,0
DA:42,0
LF:42
LH:26
BRDA:1,0,0,1
BRDA:10,1,0,1
BRDA:11,2,0,1
BRDA:20,3,0,2
BRDA:22,4,0,2
BRF:5
BRH:5
end_of_record
